CBMC version 5.6 64-bit x86_64 macos
Parsing array1.class
Java main class: array1
failed to load class `java.lang.String'
failed to load class `java.lang.Class'
failed to load class `java.lang.AssertionError'
failed to load class `java.lang.Object'
Converting
Generating GOTO Program
Adding CPROVER library (x86_64)
Removal of function pointers and virtual functions
Partial Inlining
Generic Property Instrumentation
Starting Bounded Model Checking
**** WARNING: no body for function java::java.lang.Class.desiredAssertionStatus:()Z
Unwinding loop java::array1.main:([Ljava/lang/String;)V.0 iteration 1 file array1.java line 8 thread 0
Unwinding loop java::array1.main:([Ljava/lang/String;)V.0 iteration 2 file array1.java line 8 thread 0
Unwinding loop java::array1.main:([Ljava/lang/String;)V.0 iteration 3 file array1.java line 8 thread 0
Unwinding loop java::array1.main:([Ljava/lang/String;)V.0 iteration 4 file array1.java line 8 thread 0
Unwinding loop java::array1.main:([Ljava/lang/String;)V.0 iteration 5 file array1.java line 8 thread 0
Unwinding loop java::array1.main:([Ljava/lang/String;)V.0 iteration 6 file array1.java line 8 thread 0
Unwinding loop java::array1.main:([Ljava/lang/String;)V.0 iteration 7 file array1.java line 8 thread 0
Unwinding loop java::array1.main:([Ljava/lang/String;)V.0 iteration 8 file array1.java line 8 thread 0
Unwinding loop java::array1.main:([Ljava/lang/String;)V.0 iteration 9 file array1.java line 8 thread 0
Unwinding loop java::array1.main:([Ljava/lang/String;)V.0 iteration 10 file array1.java line 8 thread 0
**** WARNING: no body for function java::java.lang.AssertionError.<init>:()V
size of program expression: 158 steps
simple slicing removed 8 assignments
Generated 2 VCC(s), 2 remaining after simplification
Passing problem to propositional reduction
converting SSA
Running propositional reduction
Post-processing
Solving with MiniSAT 2.2.1 with simplifier
7796 variables, 11153 clauses
SAT checker inconsistent: instance is UNSATISFIABLE
Runtime decision procedure: 0.014s

** Results:
[assertion.1] assertion at file array1.java line 11: SUCCESS
[assertion.2] assertion at file array1.java line 15: SUCCESS

** 0 of 2 failed (1 iteration)
VERIFICATION SUCCESSFUL
EXIT=0
SIGNAL=0
